<?xml version="1.0" encoding="UTF-8"?>
<!-- Generated by org.testng.reporters.JUnitReportReporter -->
<testsuite hostname="VIPUL" failures="0" tests="1" name="Test_cases.policy_test" time="11.931" errors="0" timestamp="2022-05-31T12:06:12 IST" skipped="0">
  <testcase classname="Test_cases.policy_test" name="action" time="11.931"/>
  <system-out/>
</testsuite> <!-- Test_cases.policy_test -->
