<?xml version="1.0" encoding="UTF-8"?>
<!-- Generated by org.testng.reporters.JUnitReportReporter -->
<testsuite hostname="VIPUL" failures="0" tests="1" name="Test_cases.login_Test" time="14.859" errors="0" timestamp="2022-05-28T13:53:11 IST" skipped="0">
  <testcase classname="Test_cases.login_Test" name="clicked" time="14.859"/>
  <system-out/>
</testsuite> <!-- Test_cases.login_Test -->
