<?xml version="1.0" encoding="UTF-8"?>
<!-- Generated by org.testng.reporters.JUnitReportReporter -->
<testsuite hostname="VIPUL" failures="0" tests="1" name="Test_cases.insurance" time="12.910" errors="0" timestamp="2022-05-31T18:21:33 IST" skipped="0">
  <testcase classname="Test_cases.insurance" name="check" time="12.910"/>
  <system-out/>
</testsuite> <!-- Test_cases.insurance -->
