<?xml version="1.0" encoding="UTF-8"?>
<!-- Generated by org.testng.reporters.JUnitReportReporter -->
<testsuite hostname="VIPUL" failures="0" tests="1" name="Test_cases.maxtest" time="10.302" errors="0" timestamp="2022-06-08T12:13:30 IST" skipped="0">
  <testcase classname="Test_cases.maxtest" name="action" time="10.302"/>
  <system-out/>
</testsuite> <!-- Test_cases.maxtest -->
